{"C:\\Users\\jungw\\Desktop\\Work2022\\Revature\\2022-trms\\trms-server\\src\\user\\user.ts": {"path":"C:\\Users\\jungw\\Desktop\\Work2022\\Revature\\2022-trms\\trms-server\\src\\user\\user.ts","statementMap":{},"fnMap":{"0":{"name":"(anonymous_0)","decl":{"start":{"line":2,"column":2},"end":{"line":2,"column":3}},"loc":{"start":{"line":8,"column":4},"end":{"line":8,"column":6}},"line":8}},"branchMap":{},"s":{},"f":{"0":1},"b":{},"_coverageSchema":"1a1c01bbd47fc00a2c39e90264f33305004495a9","hash":"f8719deeb80b61838c79e0d0c181e9b447a491f6"}
}
